<?xml version="1.0" encoding="UTF-8"?>
<!-- Generated by org.testng.reporters.JUnitReportReporter -->
<testsuite hostname="Anands-MacBook-Pro.local" failures="0" tests="1" name="com.dbconnection.getDBValues" time="1.347" errors="0" timestamp="2024-04-30T20:52:47 IST" skipped="0">
  <testcase classname="com.dbconnection.getDBValues" name="Dbvalues" time="1.347"/>
  <system-out/>
</testsuite> <!-- com.dbconnection.getDBValues -->
