<?xml version="1.0" encoding="UTF-8"?>
<!-- Generated by org.testng.reporters.JUnitReportReporter -->
<testsuite hostname="Anands-MacBook-Pro.local" failures="0" tests="3" name="com.selenium.youTubeLoginByDB" time="0.016" errors="0" timestamp="2024-04-30T21:20:04 IST" skipped="0">
  <testcase classname="com.selenium.youTubeLoginByDB" name="validateLogin" time="0.009"/>
  <system-out/>
  <testcase classname="com.selenium.youTubeLoginByDB" name="validateLogin" time="0.002"/>
  <system-out/>
  <testcase classname="com.selenium.youTubeLoginByDB" name="validateLogin" time="0.005"/>
  <system-out/>
</testsuite> <!-- com.selenium.youTubeLoginByDB -->
